<?xml version="1.0" encoding="UTF-8"?>
<testsuite xmlns:xsi="http://www.w3.org/2001/XMLSchema-instance" xsi:noNamespaceSchemaLocation="https://maven.apache.org/surefire/maven-surefire-plugin/xsd/surefire-test-report.xsd" name="robomatch.RoboMatchTests" time="11.122" tests="1" errors="0" skipped="0" failures="0">
  <properties>
    <property name="sun.desktop" value="gnome"/>
    <property name="awt.toolkit" value="sun.awt.X11.XToolkit"/>
    <property name="java.specification.version" value="11"/>
    <property name="sun.cpu.isalist" value=""/>
    <property name="sun.jnu.encoding" value="UTF-8"/>
    <property name="java.class.path" value="/home/joao/Documents/Projects/2021/Tech Hunter Brasil/RoboMatch/target/test-classes:/home/joao/Documents/Projects/2021/Tech Hunter Brasil/RoboMatch/target/classes:/home/joao/.m2/repository/com/google/apis/google-api-services-sheets/v4-rev20210629-1.32.1/google-api-services-sheets-v4-rev20210629-1.32.1.jar:/home/joao/.m2/repository/com/google/api-client/google-api-client/1.32.1/google-api-client-1.32.1.jar:/home/joao/.m2/repository/com/google/oauth-client/google-oauth-client/1.31.5/google-oauth-client-1.31.5.jar:/home/joao/.m2/repository/com/google/http-client/google-http-client-gson/1.39.2/google-http-client-gson-1.39.2.jar:/home/joao/.m2/repository/com/google/code/gson/gson/2.8.6/gson-2.8.6.jar:/home/joao/.m2/repository/com/google/guava/guava/31.0.1-jre/guava-31.0.1-jre.jar:/home/joao/.m2/repository/com/google/guava/failureaccess/1.0.1/failureaccess-1.0.1.jar:/home/joao/.m2/repository/com/google/guava/listenablefuture/9999.0-empty-to-avoid-conflict-with-guava/listenablefuture-9999.0-empty-to-avoid-conflict-with-guava.jar:/home/joao/.m2/repository/org/checkerframework/checker-qual/3.12.0/checker-qual-3.12.0.jar:/home/joao/.m2/repository/com/google/errorprone/error_prone_annotations/2.7.1/error_prone_annotations-2.7.1.jar:/home/joao/.m2/repository/com/google/http-client/google-http-client-apache-v2/1.39.2/google-http-client-apache-v2-1.39.2.jar:/home/joao/.m2/repository/org/apache/httpcomponents/httpcore/4.4.13/httpcore-4.4.13.jar:/home/joao/.m2/repository/org/apache/httpcomponents/httpclient/4.5.13/httpclient-4.5.13.jar:/home/joao/.m2/repository/commons-logging/commons-logging/1.2/commons-logging-1.2.jar:/home/joao/.m2/repository/commons-codec/commons-codec/1.11/commons-codec-1.11.jar:/home/joao/.m2/repository/junit/junit/4.13/junit-4.13.jar:/home/joao/.m2/repository/org/hamcrest/hamcrest-core/1.3/hamcrest-core-1.3.jar:/home/joao/.m2/repository/com/google/http-client/google-http-client-jackson2/1.40.1/google-http-client-jackson2-1.40.1.jar:/home/joao/.m2/repository/com/google/http-client/google-http-client/1.40.1/google-http-client-1.40.1.jar:/home/joao/.m2/repository/com/google/code/findbugs/jsr305/3.0.2/jsr305-3.0.2.jar:/home/joao/.m2/repository/com/google/j2objc/j2objc-annotations/1.3/j2objc-annotations-1.3.jar:/home/joao/.m2/repository/io/opencensus/opencensus-api/0.28.0/opencensus-api-0.28.0.jar:/home/joao/.m2/repository/io/grpc/grpc-context/1.27.2/grpc-context-1.27.2.jar:/home/joao/.m2/repository/io/opencensus/opencensus-contrib-http-util/0.28.0/opencensus-contrib-http-util-0.28.0.jar:/home/joao/.m2/repository/com/fasterxml/jackson/core/jackson-core/2.13.0/jackson-core-2.13.0.jar:/home/joao/.m2/repository/com/google/oauth-client/google-oauth-client-jetty/1.25.0/google-oauth-client-jetty-1.25.0.jar:/home/joao/.m2/repository/com/google/oauth-client/google-oauth-client-java6/1.25.0/google-oauth-client-java6-1.25.0.jar:/home/joao/.m2/repository/org/mortbay/jetty/jetty/6.1.26/jetty-6.1.26.jar:/home/joao/.m2/repository/org/mortbay/jetty/jetty-util/6.1.26/jetty-util-6.1.26.jar:/home/joao/.m2/repository/org/mortbay/jetty/servlet-api/2.5-20081211/servlet-api-2.5-20081211.jar:/home/joao/.m2/repository/com/google/auth/google-auth-library-credentials/1.3.0/google-auth-library-credentials-1.3.0.jar:/home/joao/.m2/repository/com/google/auth/google-auth-library-oauth2-http/0.1.0/google-auth-library-oauth2-http-0.1.0.jar:"/>
    <property name="java.vm.vendor" value="Ubuntu"/>
    <property name="sun.arch.data.model" value="64"/>
    <property name="java.vendor.url" value="https://ubuntu.com/"/>
    <property name="user.timezone" value=""/>
    <property name="user.country.format" value="BR"/>
    <property name="java.vm.specification.version" value="11"/>
    <property name="os.name" value="Linux"/>
    <property name="sun.java.launcher" value="SUN_STANDARD"/>
    <property name="user.country" value="US"/>
    <property name="sun.boot.library.path" value="/usr/lib/jvm/java-11-openjdk-amd64/lib"/>
    <property name="sun.java.command" value="/home/joao/Documents/Projects/2021/Tech Hunter Brasil/RoboMatch/target/surefire/surefirebooter2833600387916457015.jar /home/joao/Documents/Projects/2021/Tech Hunter Brasil/RoboMatch/target/surefire 2022-03-19T19-01-50_781-jvmRun1 surefire10391004250356137383tmp surefire_013714888543782634836tmp"/>
    <property name="jdk.debug" value="release"/>
    <property name="surefire.test.class.path" value="/home/joao/Documents/Projects/2021/Tech Hunter Brasil/RoboMatch/target/test-classes:/home/joao/Documents/Projects/2021/Tech Hunter Brasil/RoboMatch/target/classes:/home/joao/.m2/repository/com/google/apis/google-api-services-sheets/v4-rev20210629-1.32.1/google-api-services-sheets-v4-rev20210629-1.32.1.jar:/home/joao/.m2/repository/com/google/api-client/google-api-client/1.32.1/google-api-client-1.32.1.jar:/home/joao/.m2/repository/com/google/oauth-client/google-oauth-client/1.31.5/google-oauth-client-1.31.5.jar:/home/joao/.m2/repository/com/google/http-client/google-http-client-gson/1.39.2/google-http-client-gson-1.39.2.jar:/home/joao/.m2/repository/com/google/code/gson/gson/2.8.6/gson-2.8.6.jar:/home/joao/.m2/repository/com/google/guava/guava/31.0.1-jre/guava-31.0.1-jre.jar:/home/joao/.m2/repository/com/google/guava/failureaccess/1.0.1/failureaccess-1.0.1.jar:/home/joao/.m2/repository/com/google/guava/listenablefuture/9999.0-empty-to-avoid-conflict-with-guava/listenablefuture-9999.0-empty-to-avoid-conflict-with-guava.jar:/home/joao/.m2/repository/org/checkerframework/checker-qual/3.12.0/checker-qual-3.12.0.jar:/home/joao/.m2/repository/com/google/errorprone/error_prone_annotations/2.7.1/error_prone_annotations-2.7.1.jar:/home/joao/.m2/repository/com/google/http-client/google-http-client-apache-v2/1.39.2/google-http-client-apache-v2-1.39.2.jar:/home/joao/.m2/repository/org/apache/httpcomponents/httpcore/4.4.13/httpcore-4.4.13.jar:/home/joao/.m2/repository/org/apache/httpcomponents/httpclient/4.5.13/httpclient-4.5.13.jar:/home/joao/.m2/repository/commons-logging/commons-logging/1.2/commons-logging-1.2.jar:/home/joao/.m2/repository/commons-codec/commons-codec/1.11/commons-codec-1.11.jar:/home/joao/.m2/repository/junit/junit/4.13/junit-4.13.jar:/home/joao/.m2/repository/org/hamcrest/hamcrest-core/1.3/hamcrest-core-1.3.jar:/home/joao/.m2/repository/com/google/http-client/google-http-client-jackson2/1.40.1/google-http-client-jackson2-1.40.1.jar:/home/joao/.m2/repository/com/google/http-client/google-http-client/1.40.1/google-http-client-1.40.1.jar:/home/joao/.m2/repository/com/google/code/findbugs/jsr305/3.0.2/jsr305-3.0.2.jar:/home/joao/.m2/repository/com/google/j2objc/j2objc-annotations/1.3/j2objc-annotations-1.3.jar:/home/joao/.m2/repository/io/opencensus/opencensus-api/0.28.0/opencensus-api-0.28.0.jar:/home/joao/.m2/repository/io/grpc/grpc-context/1.27.2/grpc-context-1.27.2.jar:/home/joao/.m2/repository/io/opencensus/opencensus-contrib-http-util/0.28.0/opencensus-contrib-http-util-0.28.0.jar:/home/joao/.m2/repository/com/fasterxml/jackson/core/jackson-core/2.13.0/jackson-core-2.13.0.jar:/home/joao/.m2/repository/com/google/oauth-client/google-oauth-client-jetty/1.25.0/google-oauth-client-jetty-1.25.0.jar:/home/joao/.m2/repository/com/google/oauth-client/google-oauth-client-java6/1.25.0/google-oauth-client-java6-1.25.0.jar:/home/joao/.m2/repository/org/mortbay/jetty/jetty/6.1.26/jetty-6.1.26.jar:/home/joao/.m2/repository/org/mortbay/jetty/jetty-util/6.1.26/jetty-util-6.1.26.jar:/home/joao/.m2/repository/org/mortbay/jetty/servlet-api/2.5-20081211/servlet-api-2.5-20081211.jar:/home/joao/.m2/repository/com/google/auth/google-auth-library-credentials/1.3.0/google-auth-library-credentials-1.3.0.jar:/home/joao/.m2/repository/com/google/auth/google-auth-library-oauth2-http/0.1.0/google-auth-library-oauth2-http-0.1.0.jar:"/>
    <property name="sun.cpu.endian" value="little"/>
    <property name="user.home" value="/home/joao"/>
    <property name="user.language" value="en"/>
    <property name="java.specification.vendor" value="Oracle Corporation"/>
    <property name="java.version.date" value="2022-01-18"/>
    <property name="java.home" value="/usr/lib/jvm/java-11-openjdk-amd64"/>
    <property name="file.separator" value="/"/>
    <property name="basedir" value="/home/joao/Documents/Projects/2021/Tech Hunter Brasil/RoboMatch"/>
    <property name="java.vm.compressedOopsMode" value="32-bit"/>
    <property name="line.separator" value="&#10;"/>
    <property name="java.specification.name" value="Java Platform API Specification"/>
    <property name="java.vm.specification.vendor" value="Oracle Corporation"/>
    <property name="java.awt.graphicsenv" value="sun.awt.X11GraphicsEnvironment"/>
    <property name="surefire.real.class.path" value="/home/joao/Documents/Projects/2021/Tech Hunter Brasil/RoboMatch/target/surefire/surefirebooter2833600387916457015.jar"/>
    <property name="sun.management.compiler" value="HotSpot 64-Bit Tiered Compilers"/>
    <property name="java.runtime.version" value="11.0.14+9-Ubuntu-0ubuntu2.20.04"/>
    <property name="user.name" value="joao"/>
    <property name="path.separator" value=":"/>
    <property name="os.version" value="5.13.0-30-generic"/>
    <property name="java.runtime.name" value="OpenJDK Runtime Environment"/>
    <property name="file.encoding" value="UTF-8"/>
    <property name="java.vm.name" value="OpenJDK 64-Bit Server VM"/>
    <property name="localRepository" value="/home/joao/.m2/repository"/>
    <property name="java.vendor.url.bug" value="https://bugs.launchpad.net/ubuntu/+source/openjdk-lts"/>
    <property name="java.io.tmpdir" value="/tmp"/>
    <property name="java.version" value="11.0.14"/>
    <property name="user.dir" value="/home/joao/Documents/Projects/2021/Tech Hunter Brasil/RoboMatch"/>
    <property name="os.arch" value="amd64"/>
    <property name="java.vm.specification.name" value="Java Virtual Machine Specification"/>
    <property name="java.awt.printerjob" value="sun.print.PSPrinterJob"/>
    <property name="user.language.format" value="pt"/>
    <property name="sun.os.patch.level" value="unknown"/>
    <property name="java.library.path" value="/usr/java/packages/lib:/usr/lib/x86_64-linux-gnu/jni:/lib/x86_64-linux-gnu:/usr/lib/x86_64-linux-gnu:/usr/lib/jni:/lib:/usr/lib"/>
    <property name="java.vm.info" value="mixed mode, sharing"/>
    <property name="java.vendor" value="Ubuntu"/>
    <property name="java.vm.version" value="11.0.14+9-Ubuntu-0ubuntu2.20.04"/>
    <property name="sun.io.unicode.encoding" value="UnicodeLittle"/>
    <property name="java.class.version" value="55.0"/>
  </properties>
  <testcase name="obterCandidatoJoaoComSucesso" classname="robomatch.RoboMatchTests" time="11.121"/>
</testsuite>